2021-09-07 09:13:20,941 INFO :: This in an INFO message
2021-09-07 09:13:20,941 WARNING :: This is a WARNING message
2021-09-07 09:13:20,941 ERROR :: This is an ERROR message
2021-09-07 17:28:21,301 INFO :: Swyftx Client successfully initiated
2021-09-07 17:56:35,166 INFO :: Swyftx Client successfully initialized
2021-09-07 17:59:22,780 INFO :: Swyftx Client successfully initialized
2021-09-07 17:59:22,974 ERROR :: Error whilst making GET request to /markets/assets/: {'error': {'error': 'UnknownEndpoint', 'message': 'Please see our API docs at https://docs.swyftx.com.au'}} (error code 404)
2021-09-07 18:00:07,621 INFO :: Swyftx Client successfully initialized
2021-09-07 18:00:07,768 ERROR :: Error whilst making GET request to /markets/assets/: {'error': {'error': 'UnknownEndpoint', 'message': 'Please see our API docs at https://docs.swyftx.com.au'}} (error code 404)
2021-09-07 18:20:40,450 INFO :: Swyftx Client successfully initialized
2021-09-07 18:22:06,423 INFO :: Swyftx Client successfully initialized
2021-09-07 18:24:18,382 INFO :: Swyftx Client successfully initialized
2021-09-07 18:28:05,202 INFO :: Swyftx Client successfully initialized
2021-09-07 18:29:53,303 INFO :: Swyftx Client successfully initialized
2021-09-07 18:30:25,117 INFO :: Swyftx Client successfully initialized
2021-09-07 18:32:21,828 INFO :: Swyftx Client successfully initialized
2021-09-07 18:35:12,082 INFO :: Swyftx Client successfully initialized
2021-09-07 18:37:06,632 INFO :: Swyftx Client successfully initialized
2021-09-07 18:37:35,680 INFO :: Swyftx Client successfully initialized
2021-09-07 18:37:52,677 INFO :: Swyftx Client successfully initialized
2021-09-07 18:38:03,210 INFO :: Swyftx Client successfully initialized
2021-09-07 18:38:27,359 INFO :: Swyftx Client successfully initialized
2021-09-07 18:39:49,004 INFO :: Swyftx Client successfully initialized
2021-09-07 18:40:42,569 INFO :: Swyftx Client successfully initialized
2021-09-07 18:41:49,849 INFO :: Swyftx Client successfully initialized
2021-09-07 18:42:06,291 INFO :: Swyftx Client successfully initialized
2021-09-07 18:42:50,739 INFO :: Swyftx Client successfully initialized
2021-09-07 18:45:18,495 INFO :: Swyftx Client successfully initialized
2021-09-07 18:45:34,777 INFO :: Swyftx Client successfully initialized
2021-09-07 18:46:03,716 INFO :: Swyftx Client successfully initialized
2021-09-07 18:46:31,492 INFO :: Swyftx Client successfully initialized
2021-09-07 18:48:41,967 INFO :: Swyftx Client successfully initialized
2021-09-07 18:48:42,120 ERROR :: Error whilst making GET request to /charts/getBars/AUD/ETH/ask/: {'error': {'error': 'Args Error', 'message': 'timeStart not a number'}} (error code 400)
2021-09-07 20:27:58,942 INFO :: Swyftx Client successfully initialized
2021-09-07 20:27:59,156 ERROR :: Error whilst making GET request to /charts/getBars/AUD/ETH/ask/: {'error': {'error': 'ArgsError', 'message': 'Start or end time out of bounds, please limit requests between 2010 and now.'}} (error code 416)
2021-09-07 20:28:37,185 INFO :: Swyftx Client successfully initialized
2021-09-07 20:28:37,329 ERROR :: Error whilst making GET request to /charts/getBars/AUD/ETH/ask/: {'error': {'error': 'ArgsError', 'message': 'Start or end time out of bounds, please limit requests between 2010 and now.'}} (error code 416)
2021-09-07 20:29:13,070 INFO :: Swyftx Client successfully initialized
2021-09-07 20:29:13,247 ERROR :: Error whilst making GET request to /charts/getBars/AUD/ETH/ask/: {'error': {'error': 'ArgsError', 'message': 'Start or end time out of bounds, please limit requests between 2010 and now.'}} (error code 416)
2021-09-07 20:29:49,859 INFO :: Swyftx Client successfully initialized
2021-09-07 20:29:49,993 ERROR :: Error whilst making GET request to /charts/getBars/AUD/ETH/ask/: {'error': {'error': 'ArgsError', 'message': 'Start or end time out of bounds, please limit requests between 2010 and now.'}} (error code 416)
2021-09-07 20:34:00,206 INFO :: Swyftx Client successfully initialized
2021-09-07 20:35:03,350 INFO :: Swyftx Client successfully initialized
2021-09-07 20:35:14,570 INFO :: Swyftx Client successfully initialized
2021-09-07 20:37:18,413 INFO :: Swyftx Client successfully initialized
2021-09-07 20:37:29,325 INFO :: Swyftx Client successfully initialized
2021-09-07 20:40:05,724 INFO :: Swyftx Client successfully initialized
2021-09-07 20:41:26,685 INFO :: Swyftx Client successfully initialized
2021-09-07 20:42:00,522 INFO :: Swyftx Client successfully initialized
2021-09-07 20:42:13,141 INFO :: Swyftx Client successfully initialized
2021-09-07 20:42:27,063 INFO :: Swyftx Client successfully initialized
2021-09-07 20:42:40,499 INFO :: Swyftx Client successfully initialized
2021-09-07 20:44:37,032 INFO :: Swyftx Client successfully initialized
2021-09-07 20:45:35,963 INFO :: Swyftx Client successfully initialized
2021-09-07 20:45:48,451 INFO :: Swyftx Client successfully initialized
2021-09-07 20:45:48,668 ERROR :: Error whilst making GET request to /charts/getBars/AUD/ETH/ask/: {'error': {'error': 'ArgsError', 'message': 'Start or end time out of bounds, please limit requests between 2010 and now.'}} (error code 416)
2021-09-07 20:46:19,457 INFO :: Swyftx Client successfully initialized
2021-09-07 20:46:19,576 ERROR :: Error whilst making GET request to /charts/getBars/AUD/ETH/ask/: {'error': {'error': 'ArgsError', 'message': 'Start or end time out of bounds, please limit requests between 2010 and now.'}} (error code 416)
2021-09-07 20:47:02,762 INFO :: Swyftx Client successfully initialized
2021-09-07 20:47:02,888 ERROR :: Error whilst making GET request to /charts/getBars/AUD/ETH/ask/: {'error': {'error': 'ArgsError', 'message': 'Start or end time out of bounds, please limit requests between 2010 and now.'}} (error code 416)
2021-09-07 20:55:12,296 INFO :: Swyftx Client successfully initialized
2021-09-07 20:56:39,990 INFO :: Swyftx Client successfully initialized
2021-09-07 20:57:04,656 INFO :: Swyftx Client successfully initialized
2021-09-07 20:58:37,443 INFO :: Swyftx Client successfully initialized
2021-09-07 20:58:53,770 INFO :: Swyftx Client successfully initialized
2021-09-07 20:59:34,540 INFO :: Swyftx Client successfully initialized
2021-09-07 20:59:45,348 INFO :: Swyftx Client successfully initialized
2021-09-07 20:59:53,041 INFO :: Swyftx Client successfully initialized
2021-09-07 21:00:13,304 INFO :: Swyftx Client successfully initialized
2021-09-07 21:00:47,294 INFO :: Swyftx Client successfully initialized
2021-09-07 21:02:07,838 INFO :: Swyftx Client successfully initialized
2021-09-07 21:02:51,314 INFO :: Swyftx Client successfully initialized
2021-09-07 21:04:00,961 INFO :: Swyftx Client successfully initialized
2021-09-07 21:04:42,851 INFO :: Swyftx Client successfully initialized
2021-09-07 21:05:27,100 INFO :: Swyftx Client successfully initialized
2021-09-07 21:07:56,686 INFO :: Swyftx Client successfully initialized
2021-09-08 19:49:59,949 INFO :: Swyftx Client successfully initialized
2021-09-08 19:50:50,291 INFO :: Swyftx Client successfully initialized
2021-09-08 19:52:15,515 INFO :: Swyftx Client successfully initialized
2021-09-08 19:54:00,701 INFO :: Swyftx Client successfully initialized
2021-09-08 20:09:12,901 INFO :: Swyftx Client successfully initialized
2021-09-08 20:09:19,279 INFO :: Swyftx Client successfully initialized
2021-09-08 20:15:14,164 INFO :: Swyftx Client successfully initialized
2021-09-08 20:15:58,346 INFO :: Swyftx Client successfully initialized
2021-09-08 20:16:13,211 INFO :: Swyftx Client successfully initialized
2021-09-08 20:16:33,061 INFO :: Swyftx Client successfully initialized
2021-09-08 20:16:40,100 INFO :: Swyftx Client successfully initialized
2021-09-08 20:17:06,135 INFO :: Swyftx Client successfully initialized
2021-09-08 20:17:26,868 INFO :: Swyftx Client successfully initialized
2021-09-08 20:19:18,378 INFO :: Swyftx Client successfully initialized
2021-09-08 20:25:14,105 INFO :: Swyftx Client successfully initialized
2021-09-08 20:25:14,474 ERROR :: Error whilst making GET request to /user/balance/: {'error': {'error': 'AuthError', 'message': 'Missing "authorization" header from request'}} (error code 401)
2021-09-08 20:25:34,295 INFO :: Swyftx Client successfully initialized
2021-09-08 20:25:34,645 ERROR :: Error whilst making GET request to /user/balance/: {'error': {'error': 'AuthError', 'message': 'Missing "authorization" header from request'}} (error code 401)
2021-09-08 20:31:26,704 INFO :: Swyftx Client successfully initialized
2021-09-08 20:31:41,682 INFO :: Swyftx Client successfully initialized
2021-09-08 20:31:41,778 ERROR :: Error whilst making GET request to /user/balance/: {'error': {'error': 'AuthError', 'message': "Authorization header should be formatted as 'Bearer [token]'"}} (error code 401)
2021-09-08 20:32:13,386 INFO :: Swyftx Client successfully initialized
2021-09-09 16:41:22,614 INFO :: Swyftx Client successfully initialized
2021-09-09 16:42:54,332 INFO :: Swyftx Client successfully initialized
2021-09-09 16:43:25,148 INFO :: Swyftx Client successfully initialized
2021-09-09 16:44:52,065 INFO :: Swyftx Client successfully initialized
2021-09-09 16:45:05,328 INFO :: Swyftx Client successfully initialized
2021-09-09 16:45:37,369 INFO :: Swyftx Client successfully initialized
2021-09-09 16:47:49,234 INFO :: Swyftx Client successfully initialized
2021-09-09 17:08:13,024 ERROR :: Error whilst making request for JWT: {'error': {'error': 'UnknownEndpoint', 'message': 'Please see our API docs at https://docs.swyftx.com.au'}} (error code 404)
2021-09-09 17:12:02,281 ERROR :: Error whilst making request for JWT: {'error': {'error': 'UnknownEndpoint', 'message': 'Please see our API docs at https://docs.swyftx.com.au'}} (error code 404)
2021-09-09 17:12:59,465 ERROR :: Error whilst making request for JWT: {'error': {'error': 'UnknownEndpoint', 'message': 'Please see our API docs at https://docs.swyftx.com.au'}} (error code 404)
2021-09-09 17:16:11,108 INFO :: Swyftx Client successfully initialized
2021-09-09 17:16:11,256 ERROR :: Error whilst making POST request to /orders/: {'error': {'error': 'InternalError', 'message': 'Please try again or contact support'}} (error code 500)
2021-09-09 17:17:20,473 INFO :: Swyftx Client successfully initialized
2021-09-09 17:17:20,705 ERROR :: Error whilst making POST request to /orders/: {'error': {'error': 'InternalError', 'message': 'Please try again or contact support'}} (error code 500)
2021-09-09 17:18:19,169 INFO :: Swyftx Client successfully initialized
2021-09-09 17:18:19,287 ERROR :: Error whilst making POST request to /orders/: {'error': {'error': 'InternalError', 'message': 'Please try again or contact support'}} (error code 500)
2021-09-09 17:20:15,300 INFO :: Swyftx Client successfully initialized
2021-09-09 17:20:15,430 ERROR :: Error whilst making POST request to /orders/: {'error': {'error': 'InternalError', 'message': 'Please try again or contact support'}} (error code 500)
2021-09-13 10:59:20,963 ERROR :: Error whilst making request for JWT: {'error': {'error': 'ArgsError', 'message': 'Missing args for request'}} (error code 400)
2021-09-13 11:03:05,656 INFO :: Swyftx Client successfully initialized
2021-09-13 11:03:30,564 INFO :: Swyftx Client successfully initialized
2021-09-13 11:04:09,938 INFO :: Swyftx Client successfully initialized
2021-09-13 11:04:30,569 INFO :: Swyftx Client successfully initialized
2021-09-13 11:05:55,299 INFO :: Swyftx Client successfully initialized
2021-09-13 11:07:05,293 INFO :: Swyftx Client successfully initialized
2021-09-13 11:07:23,340 INFO :: Swyftx Client successfully initialized
2021-09-13 11:10:31,505 INFO :: Swyftx Client successfully initialized
2021-09-13 11:10:31,619 ERROR :: Error whilst making POST request to /orders/: {'error': {'error': 'InternalError', 'message': 'Please try again or contact support'}} (error code 500)
2021-09-13 13:45:55,631 INFO :: Swyftx Client successfully initialized
2021-09-13 13:46:04,732 INFO :: Swyftx Client successfully initialized
2021-09-13 13:46:04,821 ERROR :: Error whilst making POST request to /orders/: {'error': {'error': 'InternalError', 'message': 'Please try again or contact support'}} (error code 500)
2021-09-13 13:46:25,538 INFO :: Swyftx Client successfully initialized
2021-09-13 13:46:25,625 ERROR :: Error whilst making POST request to /orders/: {'error': {'error': 'InternalError', 'message': 'Please try again or contact support'}} (error code 500)
2021-09-13 13:52:12,430 INFO :: Swyftx Client successfully initialized
2021-09-13 13:52:23,103 INFO :: Swyftx Client successfully initialized
2021-09-13 13:52:42,507 INFO :: Swyftx Client successfully initialized
2021-09-13 13:53:48,412 INFO :: Swyftx Client successfully initialized
2021-09-13 13:57:09,427 INFO :: Swyftx Client successfully initialized
2021-09-13 13:57:09,539 ERROR :: Error whilst making POST request to /orders/: {'error': {'error': 'InternalError', 'message': 'Please try again or contact support'}} (error code 500)
2021-09-13 17:17:01,050 INFO :: Swyftx Client successfully initialized
2021-09-13 17:17:01,155 ERROR :: Error whilst making POST request to /orders/: {'error': {'error': 'InternalError', 'message': 'Please try again or contact support'}} (error code 500)
2021-09-13 17:17:57,231 INFO :: Swyftx Client successfully initialized
2021-09-13 17:18:37,601 INFO :: Swyftx Client successfully initialized
2021-09-13 17:18:37,703 ERROR :: Error whilst making POST request to /orders/: {'error': {'error': 'InternalError', 'message': 'Please try again or contact support'}} (error code 500)
2021-09-13 17:21:48,036 INFO :: Swyftx Client successfully initialized
2021-09-13 17:21:48,133 ERROR :: Error whilst making POST request to /orders/: {'error': {'error': 'InternalError', 'message': 'Please try again or contact support'}} (error code 500)
2021-09-13 17:38:11,501 INFO :: Swyftx Client successfully initialized
2021-09-13 17:38:11,601 ERROR :: Error whilst making POST request to /orders/: {'error': {'error': 'InvalidRequestError', 'message': 'Please ensure the request body is correctly formatted in JSON'}} (error code 400)
2021-09-13 17:40:28,355 INFO :: Swyftx Client successfully initialized
2021-09-13 17:40:28,486 ERROR :: Error whilst making POST request to /orders/: {'error': {'error': 'InvalidRequestError', 'message': 'Please ensure the request body is correctly formatted in JSON'}} (error code 400)
2021-09-13 17:41:39,967 INFO :: Swyftx Client successfully initialized
2021-09-13 17:42:26,242 INFO :: Swyftx Client successfully initialized
2021-09-13 17:45:59,590 INFO :: Swyftx Client successfully initialized
2021-09-13 17:45:59,681 ERROR :: Error whilst making GET request to /charts/getBars/AUD/SOL/ask/: {'error': {'error': 'Args Error', 'message': 'timeStart not a number'}} (error code 400)
2021-09-13 17:46:16,577 INFO :: Swyftx Client successfully initialized
2021-09-13 17:46:16,663 ERROR :: Error whilst making GET request to /charts/getBars/AUD/SOL/ask/: {'error': {'error': 'Args Error', 'message': 'timeStart not a number'}} (error code 400)
2021-09-13 17:46:57,350 INFO :: Swyftx Client successfully initialized
2021-09-13 17:46:57,442 ERROR :: Error whilst making GET request to /charts/getBars/AUD/SOL/ask/: {'error': {'error': 'InvalidRequestError', 'message': 'Please ensure the request body is correctly formatted in JSON'}} (error code 400)
2021-09-13 17:47:04,715 INFO :: Swyftx Client successfully initialized
2021-09-13 17:47:04,813 ERROR :: Error whilst making GET request to /charts/getBars/AUD/SOL/ask/: {'error': {'error': 'InvalidRequestError', 'message': 'Please ensure the request body is correctly formatted in JSON'}} (error code 400)
2021-09-13 17:48:02,487 INFO :: Swyftx Client successfully initialized
2021-09-13 17:48:11,445 INFO :: Swyftx Client successfully initialized
2021-09-13 17:48:18,802 INFO :: Swyftx Client successfully initialized
2021-09-13 17:48:25,011 INFO :: Swyftx Client successfully initialized
2021-09-13 17:48:58,406 INFO :: Swyftx Client successfully initialized
2021-09-13 17:53:25,953 INFO :: Swyftx Client successfully initialized
2021-09-13 17:53:37,529 INFO :: Swyftx Client successfully initialized
2021-09-13 17:53:45,642 INFO :: Swyftx Client successfully initialized
2021-09-13 17:53:52,430 INFO :: Swyftx Client successfully initialized
2021-09-13 17:53:58,642 INFO :: Swyftx Client successfully initialized
2021-09-13 21:45:14,653 ERROR :: Error whilst making request for JWT: {'error': {'error': 'UnknownEndpoint', 'message': 'Please see our API docs at https://docs.swyftx.com.au'}} (error code 404)
2021-09-13 21:46:57,971 INFO :: Swyftx Client successfully initialized
2021-09-13 21:48:54,552 INFO :: Swyftx Client successfully initialized
